Unity Editor version:    2020.3.26f1 (7298b473bc1a)
Branch:                  2020.3/staging
Build type:              Release
Batch mode:              YES
macOS version:           Version 11.6 (Build 20G165)
Darwin version:          20.6.0
Architecture:            x86_64
Running under Rosetta:   NO
Available memory:        8192 MB
Using pre-set license
Pro License: NO

COMMAND LINE ARGUMENTS:
/Applications/Unity/Hub/Editor/2020.3.26f1/Unity.app/Contents/MacOS/Unity
-adb2
-batchMode
-noUpm
-name
AssetImportWorker0
-projectPath
/Users/viktoriawelzel/Documents/GitHub/DAT510-Dataspel
-logFile
Logs/AssetImportWorker0.log
-srvPort
50493
Successfully changed project path to: /Users/viktoriawelzel/Documents/GitHub/DAT510-Dataspel
/Users/viktoriawelzel/Documents/GitHub/DAT510-Dataspel
Using Asset Import Pipeline V2.
Refreshing native plugins compatible for Editor in 55.69 ms, found 3 plugins.
Preloading 0 native plugins for Editor in 0.00 ms.
Initialize engine version: 2020.3.26f1 (7298b473bc1a)
[Subsystems] Discovering subsystems at path /Applications/Unity/Hub/Editor/2020.3.26f1/Unity.app/Contents/Resources/UnitySubsystems
[Subsystems] Discovering subsystems at path /Users/viktoriawelzel/Documents/GitHub/DAT510-Dataspel/Assets
GfxDevice: creating device client; threaded=0
2022-02-08 15:13:09.645 Unity[3161:98754] Color LCD preferred device: Intel(R) Iris(TM) Plus Graphics 645 (low power)
2022-02-08 15:13:09.645 Unity[3161:98754] Metal devices available: 1
2022-02-08 15:13:09.645 Unity[3161:98754] 0: Intel(R) Iris(TM) Plus Graphics 645 (low power)
2022-02-08 15:13:09.645 Unity[3161:98754] Using device Intel(R) Iris(TM) Plus Graphics 645 (low power)
Initializing Metal device caps: Intel(R) Iris(TM) Plus Graphics 645
Initialize mono
Mono path[0] = '/Applications/Unity/Hub/Editor/2020.3.26f1/Unity.app/Contents/Managed'
Mono path[1] = '/Applications/Unity/Hub/Editor/2020.3.26f1/Unity.app/Contents/MonoBleedingEdge/lib/mono/unityjit'
Mono config path = '/Applications/Unity/Hub/Editor/2020.3.26f1/Unity.app/Contents/MonoBleedingEdge/etc'
Using monoOptions --debugger-agent=transport=dt_socket,embedding=1,server=y,suspend=n,address=127.0.0.1:56161
Begin MonoManager ReloadAssembly
Registering precompiled unity dll's ...
Register platform support module: /Applications/Unity/Hub/Editor/2020.3.26f1/PlaybackEngines/WebGLSupport/UnityEditor.WebGL.Extensions.dll
Register platform support module: /Applications/Unity/Hub/Editor/2020.3.26f1/Unity.app/Contents/PlaybackEngines/MacStandaloneSupport/UnityEditor.OSXStandalone.Extensions.dll
Registered in 0.003602 seconds.
Native extension for OSXStandalone target not found
Native extension for WebGL target not found
Refreshing native plugins compatible for Editor in 44.70 ms, found 3 plugins.
Preloading 0 native plugins for Editor in 0.00 ms.
Mono: successfully reloaded assembly
- Completed reload, in  0.727 seconds
Domain Reload Profiling:
	ReloadAssembly (727ms)
		BeginReloadAssembly (55ms)
			ExecutionOrderSort (0ms)
			DisableScriptedObjects (0ms)
			BackupInstance (0ms)
			ReleaseScriptingObjects (0ms)
			CreateAndSetChildDomain (1ms)
		EndReloadAssembly (580ms)
			LoadAssemblies (58ms)
			RebuildTransferFunctionScriptingTraits (0ms)
			SetupTypeCache (218ms)
			ReleaseScriptCaches (0ms)
			RebuildScriptCaches (45ms)
			SetupLoadedEditorAssemblies (215ms)
				LogAssemblyErrors (0ms)
				InitializePlatformSupportModulesInManaged (6ms)
				SetLoadedEditorAssemblies (0ms)
				RefreshPlugins (45ms)
				BeforeProcessingInitializeOnLoad (9ms)
				ProcessInitializeOnLoadAttributes (120ms)
				ProcessInitializeOnLoadMethodAttributes (35ms)
				AfterProcessingInitializeOnLoad (0ms)
				EditorAssembliesLoaded (0ms)
			ExecutionOrderSort2 (0ms)
			AwakeInstancesAfterBackupRestoration (0ms)
Platform modules already initialized, skipping
Registering precompiled user dll's ...
Registered in 0.010491 seconds.
Begin MonoManager ReloadAssembly
Native extension for OSXStandalone target not found
Native extension for WebGL target not found
Refreshing native plugins compatible for Editor in 45.32 ms, found 3 plugins.
Preloading 0 native plugins for Editor in 0.00 ms.
Mono: successfully reloaded assembly
- Completed reload, in  1.431 seconds
Domain Reload Profiling:
	ReloadAssembly (1433ms)
		BeginReloadAssembly (182ms)
			ExecutionOrderSort (0ms)
			DisableScriptedObjects (6ms)
			BackupInstance (0ms)
			ReleaseScriptingObjects (0ms)
			CreateAndSetChildDomain (38ms)
		EndReloadAssembly (1178ms)
			LoadAssemblies (150ms)
			RebuildTransferFunctionScriptingTraits (0ms)
			SetupTypeCache (413ms)
			ReleaseScriptCaches (1ms)
			RebuildScriptCaches (69ms)
			SetupLoadedEditorAssemblies (403ms)
				LogAssemblyErrors (0ms)
				InitializePlatformSupportModulesInManaged (5ms)
				SetLoadedEditorAssemblies (0ms)
				RefreshPlugins (45ms)
				BeforeProcessingInitializeOnLoad (70ms)
				ProcessInitializeOnLoadAttributes (257ms)
				ProcessInitializeOnLoadMethodAttributes (24ms)
				AfterProcessingInitializeOnLoad (1ms)
				EditorAssembliesLoaded (0ms)
			ExecutionOrderSort2 (0ms)
			AwakeInstancesAfterBackupRestoration (8ms)
Platform modules already initialized, skipping
Validating Project structure ... 0.000826 seconds.
Shader import version has changed; will reimport all shaders...
Upgrading shader files ...0.000947 seconds.
Application.AssetDatabase Initial Script Refresh Start
RefreshInfo: InitialScriptRefreshV2(NoUpdateAssetOptions) scanfilter:  ... 1 filters
RefreshProfiler: Total: 0.000ms
Application.AssetDatabase Initial Script Refresh End
Application.AssetDatabase.Refresh Start
Application.AssetDatabase.Refresh End
RefreshInfo: StopAssetImportingV2(ForceSynchronousImport) scanfilter: 
RefreshProfiler: Total: 0.000ms
Launching external process: /Applications/Unity/Hub/Editor/2020.3.26f1/Unity.app/Contents/Tools/UnityShaderCompiler
Launched and connected shader compiler UnityShaderCompiler after 0.02 seconds
Initializing Unity extensions:
[C# Project] Writing /Users/viktoriawelzel/Documents/GitHub/DAT510-Dataspel/DAT510-Dataspel.sln because it has changed
[C# Project] First difference on line 4

[C# Project] Current /Users/viktoriawelzel/Documents/GitHub/DAT510-Dataspel/DAT510-Dataspel.sln:
[C# Project]   004: 
[C# Project]   005: Global
[C# Project]   006: 	GlobalSection(SolutionConfigurationPlatforms) = preSolution
[C# Project]   007: 		Debug|Any CPU = Debug|Any CPU
[C# Project]   008: 		Release|Any CPU = Release|Any CPU

[C# Project] New /Users/viktoriawelzel/Documents/GitHub/DAT510-Dataspel/DAT510-Dataspel.sln:
[C# Project]   004: Project("{FAE04EC0-301F-11D3-BF4B-00C04F79EFBC}") = "Unity.2D.PixelPerfect.Tests", "Unity.2D.PixelPerfect.Tests.csproj", "{A25FA34B-69FA-533F-1D81-B4B68F68E9FD}"
[C# Project]   005: EndProject
[C# Project]   006: Project("{FAE04EC0-301F-11D3-BF4B-00C04F79EFBC}") = "UnityEngine.TestRunner", "UnityEngine.TestRunner.csproj", "{9BB90400-F69B-C64F-2E88-9F5BC9EE4118}"
[C# Project]   007: EndProject
[C# Project]   008: Project("{FAE04EC0-301F-11D3-BF4B-00C04F79EFBC}") = "Unity.Mathematics", "Unity.Mathematics.csproj", "{D1D513F8-7FC2-A482-0D65-7CEF11B896C8}"
========================================================================
Worker process is ready to serve import requests
Refreshing native plugins compatible for Editor in 0.57 ms, found 3 plugins.
Preloading 0 native plugins for Editor in 0.00 ms.
Unloading 2198 Unused Serialized files (Serialized files now loaded: 0)
System memory in use before: 196.1 MB.
System memory in use after: 195.4 MB.

Unloading 101 unused Assets to reduce memory usage. Loaded Objects now: 2670.
Total: 4.291291 ms (FindLiveObjects: 0.249104 ms CreateObjectMapping: 0.117015 ms MarkObjects: 3.376491 ms  DeleteObjects: 0.547833 ms)

AssetImportParameters requested are different than current active one (requested -> active):
  custom:video-decoder-ogg-theora: a1e56fd34408186e4bbccfd4996cb3dc -> 
  custom:container-muxer-webm: aa71ff27fc2769a1b78a27578f13a17b -> 
  custom:container-demuxer-webm: 4f35f7cbe854078d1ac9338744f61a02 -> 
  custom:container-demuxer-ogg: 62fdf1f143b41e24485cea50d1cbac27 -> 
  custom:video-encoder-webm-vp8: eb34c28f22e8b96e1ab97ce403110664 -> 
  custom:framework-osx-AVFoundation: e770b220cccbd017edd2c1fefb359320 -> 
  custom:video-decoder-webm-vp8: 9c59270c3fd7afecdb556c50c9e8de78 -> 
  custom:audio-decoder-ogg-vorbis: bf7c407c2cedff20999df2af8eb42d56 -> 
  custom:audio-encoder-webm-vorbis: bf7c407c2cedff20999df2af8eb42d56 -> 
========================================================================
Received Import Request.
  path: Assets/craftpix-net-647526-free-3-cyberpunk-characters-pixel-art/1 Biker/Biker_run_attack.png
  artifactKey: Guid(cdaf8a85b7fecfe439cfdb9e4675b2bb) Importer(815301076,1909f56bfc062723c751e8b465ee728b)
Start importing Assets/craftpix-net-647526-free-3-cyberpunk-characters-pixel-art/1 Biker/Biker_run_attack.png using Guid(cdaf8a85b7fecfe439cfdb9e4675b2bb) Importer(815301076,1909f56bfc062723c751e8b465ee728b)  -> (artifact id: 'f43f268c95edd5d0ed5a24d6c0bfefab') in 1.236304 seconds 
  Import took 1.244779 seconds .

========================================================================
Received Import Request.
  Time since last request: 0.000503 seconds.
  path: Assets/craftpix-net-647526-free-3-cyberpunk-characters-pixel-art/1 Biker/Biker_attack1.png
  artifactKey: Guid(d942d0d6e3ea2ea43a97c5caafde3359) Importer(815301076,1909f56bfc062723c751e8b465ee728b)
Start importing Assets/craftpix-net-647526-free-3-cyberpunk-characters-pixel-art/1 Biker/Biker_attack1.png using Guid(d942d0d6e3ea2ea43a97c5caafde3359) Importer(815301076,1909f56bfc062723c751e8b465ee728b)  -> (artifact id: '7a3e9755f34b3095697bd9de2b608b9a') in 0.055594 seconds 
  Import took 0.059894 seconds .

========================================================================
Received Import Request.
  Time since last request: 0.000347 seconds.
  path: Assets/craftpix-net-647526-free-3-cyberpunk-characters-pixel-art/1 Biker/Biker_death.png
  artifactKey: Guid(9dca8290e41fabb4f80f0da17828ed61) Importer(815301076,1909f56bfc062723c751e8b465ee728b)
Start importing Assets/craftpix-net-647526-free-3-cyberpunk-characters-pixel-art/1 Biker/Biker_death.png using Guid(9dca8290e41fabb4f80f0da17828ed61) Importer(815301076,1909f56bfc062723c751e8b465ee728b)  -> (artifact id: '9bc3f14c832931f1d9b127cf65b21762') in 0.035071 seconds 
  Import took 0.038834 seconds .

========================================================================
Received Import Request.
  Time since last request: 0.000287 seconds.
  path: Assets/craftpix-net-647526-free-3-cyberpunk-characters-pixel-art/2 Punk/Punk_attack2.png
  artifactKey: Guid(0035c6cfec5d70443bbf8f306dd2b0f1) Importer(815301076,1909f56bfc062723c751e8b465ee728b)
Start importing Assets/craftpix-net-647526-free-3-cyberpunk-characters-pixel-art/2 Punk/Punk_attack2.png using Guid(0035c6cfec5d70443bbf8f306dd2b0f1) Importer(815301076,1909f56bfc062723c751e8b465ee728b)  -> (artifact id: 'e127381121e9f01e6f8bd465258c6bb0') in 0.048168 seconds 
  Import took 0.051875 seconds .

========================================================================
Received Import Request.
  Time since last request: 0.000242 seconds.
  path: Assets/craftpix-net-647526-free-3-cyberpunk-characters-pixel-art/3 Cyborg/Cyborg_doublejump.png
  artifactKey: Guid(4670a37aac17e484a8d04f33de61dc3e) Importer(815301076,1909f56bfc062723c751e8b465ee728b)
Start importing Assets/craftpix-net-647526-free-3-cyberpunk-characters-pixel-art/3 Cyborg/Cyborg_doublejump.png using Guid(4670a37aac17e484a8d04f33de61dc3e) Importer(815301076,1909f56bfc062723c751e8b465ee728b)  -> (artifact id: 'd8a59772d1137c562592d11da2a3f5ad') in 0.013009 seconds 
  Import took 0.016128 seconds .

========================================================================
Received Import Request.
  Time since last request: 0.000222 seconds.
  path: Assets/craftpix-net-647526-free-3-cyberpunk-characters-pixel-art/1 Biker/Biker_attack3.png
  artifactKey: Guid(eaa84192a03e8964ab0b0d69c4d767dd) Importer(815301076,1909f56bfc062723c751e8b465ee728b)
Start importing Assets/craftpix-net-647526-free-3-cyberpunk-characters-pixel-art/1 Biker/Biker_attack3.png using Guid(eaa84192a03e8964ab0b0d69c4d767dd) Importer(815301076,1909f56bfc062723c751e8b465ee728b)  -> (artifact id: '62015e69a4a80c1ee9f7279d6180925a') in 0.084221 seconds 
  Import took 0.087702 seconds .

========================================================================
Received Import Request.
  Time since last request: 0.000223 seconds.
  path: Assets/craftpix-net-647526-free-3-cyberpunk-characters-pixel-art/1 Biker/Biker_climb.png
  artifactKey: Guid(aae6a20b64b13aa4397125d2fb931c6c) Importer(815301076,1909f56bfc062723c751e8b465ee728b)
Start importing Assets/craftpix-net-647526-free-3-cyberpunk-characters-pixel-art/1 Biker/Biker_climb.png using Guid(aae6a20b64b13aa4397125d2fb931c6c) Importer(815301076,1909f56bfc062723c751e8b465ee728b)  -> (artifact id: 'b0be8cb88b8f763cde8c72f3040fe1b5') in 0.066920 seconds 
  Import took 0.070941 seconds .

========================================================================
Received Import Request.
  Time since last request: 0.000299 seconds.
  path: Assets/craftpix-net-647526-free-3-cyberpunk-characters-pixel-art/3 Cyborg/Cyborg_idle.png
  artifactKey: Guid(af25a40adbcf0cc44b33ab01383c08aa) Importer(815301076,1909f56bfc062723c751e8b465ee728b)
Start importing Assets/craftpix-net-647526-free-3-cyberpunk-characters-pixel-art/3 Cyborg/Cyborg_idle.png using Guid(af25a40adbcf0cc44b33ab01383c08aa) Importer(815301076,1909f56bfc062723c751e8b465ee728b)  -> (artifact id: 'e6f79c11d3aa77e419c8914e510dfca5') in 0.022434 seconds 
  Import took 0.026484 seconds .

========================================================================
Received Import Request.
  Time since last request: 0.000260 seconds.
  path: Assets/craftpix-net-647526-free-3-cyberpunk-characters-pixel-art/1 Biker/Biker_jump.png
  artifactKey: Guid(6d3c3bec6f7e71b43bc747335e37a953) Importer(815301076,1909f56bfc062723c751e8b465ee728b)
Start importing Assets/craftpix-net-647526-free-3-cyberpunk-characters-pixel-art/1 Biker/Biker_jump.png using Guid(6d3c3bec6f7e71b43bc747335e37a953) Importer(815301076,1909f56bfc062723c751e8b465ee728b)  -> (artifact id: '9c0c0ae58763118f58fb256ed01ccb4b') in 0.023355 seconds 
  Import took 0.026810 seconds .

========================================================================
Received Import Request.
  Time since last request: 0.000214 seconds.
  path: Assets/craftpix-net-647526-free-3-cyberpunk-characters-pixel-art/3 Cyborg/Cyborg_attack2.png
  artifactKey: Guid(abc39f1d9e14517489c475089f1abaf8) Importer(815301076,1909f56bfc062723c751e8b465ee728b)
Start importing Assets/craftpix-net-647526-free-3-cyberpunk-characters-pixel-art/3 Cyborg/Cyborg_attack2.png using Guid(abc39f1d9e14517489c475089f1abaf8) Importer(815301076,1909f56bfc062723c751e8b465ee728b)  -> (artifact id: 'b6dd26ad27a77d06c64f3390b2ea17cf') in 0.037482 seconds 
  Import took 0.041099 seconds .

========================================================================
Received Import Request.
  Time since last request: 0.000375 seconds.
  path: Assets/craftpix-net-647526-free-3-cyberpunk-characters-pixel-art/1 Biker/Biker_punch.png
  artifactKey: Guid(ac41f8bfa45ca1a4fb3bf83a46f684e5) Importer(815301076,1909f56bfc062723c751e8b465ee728b)
Start importing Assets/craftpix-net-647526-free-3-cyberpunk-characters-pixel-art/1 Biker/Biker_punch.png using Guid(ac41f8bfa45ca1a4fb3bf83a46f684e5) Importer(815301076,1909f56bfc062723c751e8b465ee728b)  -> (artifact id: 'c74336ad907278dadc120c64e6ecf03a') in 0.065378 seconds 
  Import took 0.069989 seconds .

========================================================================
Received Import Request.
  Time since last request: 0.000300 seconds.
  path: Assets/craftpix-net-647526-free-3-cyberpunk-characters-pixel-art/3 Cyborg/Cyborg_punch.png
  artifactKey: Guid(d9acf80af8ff76b4c8d68f28aefe2bdb) Importer(815301076,1909f56bfc062723c751e8b465ee728b)
Start importing Assets/craftpix-net-647526-free-3-cyberpunk-characters-pixel-art/3 Cyborg/Cyborg_punch.png using Guid(d9acf80af8ff76b4c8d68f28aefe2bdb) Importer(815301076,1909f56bfc062723c751e8b465ee728b)  -> (artifact id: '3a376562d4e69bb16e3282c604ef02e8') in 0.031873 seconds 
  Import took 0.035883 seconds .

========================================================================
Received Import Request.
  Time since last request: 0.000368 seconds.
  path: Assets/craftpix-net-647526-free-3-cyberpunk-characters-pixel-art/3 Cyborg/Cyborg_climb.png
  artifactKey: Guid(343a71dde07bd974aac1a2fe0ead260a) Importer(815301076,1909f56bfc062723c751e8b465ee728b)
Start importing Assets/craftpix-net-647526-free-3-cyberpunk-characters-pixel-art/3 Cyborg/Cyborg_climb.png using Guid(343a71dde07bd974aac1a2fe0ead260a) Importer(815301076,1909f56bfc062723c751e8b465ee728b)  -> (artifact id: 'd716225949fd9c08d7f5d52ce7e1676e') in 0.015204 seconds 
  Import took 0.018775 seconds .

========================================================================
Received Import Request.
  Time since last request: 0.000225 seconds.
  path: Assets/craftpix-net-647526-free-3-cyberpunk-characters-pixel-art/3 Cyborg/Cyborg_death.png
  artifactKey: Guid(d6b0e116663823d468574e9e03cb8ead) Importer(815301076,1909f56bfc062723c751e8b465ee728b)
Start importing Assets/craftpix-net-647526-free-3-cyberpunk-characters-pixel-art/3 Cyborg/Cyborg_death.png using Guid(d6b0e116663823d468574e9e03cb8ead) Importer(815301076,1909f56bfc062723c751e8b465ee728b)  -> (artifact id: 'a448330573da76d643296c0d724d42c4') in 0.032900 seconds 
  Import took 0.036067 seconds .

========================================================================
Received Import Request.
  Time since last request: 0.000264 seconds.
  path: Assets/craftpix-net-647526-free-3-cyberpunk-characters-pixel-art/2 Punk/Punk_attack3.png
  artifactKey: Guid(f22ff0e02aa9c2a4386bda4dfa9e86b2) Importer(815301076,1909f56bfc062723c751e8b465ee728b)
Start importing Assets/craftpix-net-647526-free-3-cyberpunk-characters-pixel-art/2 Punk/Punk_attack3.png using Guid(f22ff0e02aa9c2a4386bda4dfa9e86b2) Importer(815301076,1909f56bfc062723c751e8b465ee728b)  -> (artifact id: 'dd38a1ceeceb83e51954d39e2d49b959') in 0.082385 seconds 
  Import took 0.086119 seconds .

========================================================================
Received Import Request.
  Time since last request: 0.000216 seconds.
  path: Assets/craftpix-net-647526-free-3-cyberpunk-characters-pixel-art/1 Biker/Biker_idle.png
  artifactKey: Guid(6e0c802b141c7d14e9548ae7da1bd8c9) Importer(815301076,1909f56bfc062723c751e8b465ee728b)
Start importing Assets/craftpix-net-647526-free-3-cyberpunk-characters-pixel-art/1 Biker/Biker_idle.png using Guid(6e0c802b141c7d14e9548ae7da1bd8c9) Importer(815301076,1909f56bfc062723c751e8b465ee728b)  -> (artifact id: '422891a3046df854bf30205f6f38a4e3') in 0.039891 seconds 
  Import took 0.043373 seconds .

========================================================================
Received Import Request.
  Time since last request: 0.000239 seconds.
  path: Assets/craftpix-net-647526-free-3-cyberpunk-characters-pixel-art/3 Cyborg/Cyborg_attack3.png
  artifactKey: Guid(fcf9dbe34d509414985ef835e083406a) Importer(815301076,1909f56bfc062723c751e8b465ee728b)
Start importing Assets/craftpix-net-647526-free-3-cyberpunk-characters-pixel-art/3 Cyborg/Cyborg_attack3.png using Guid(fcf9dbe34d509414985ef835e083406a) Importer(815301076,1909f56bfc062723c751e8b465ee728b)  -> (artifact id: '76cf603ea7074eb2481134fc4ffff83e') in 0.011252 seconds 
  Import took 0.014536 seconds .

========================================================================
Received Import Request.
  Time since last request: 0.000245 seconds.
  path: Assets/craftpix-net-647526-free-3-cyberpunk-characters-pixel-art/3 Cyborg/Cyborg_jump.png
  artifactKey: Guid(9b2a187a08c6b3e41adf08da6cea39f3) Importer(815301076,1909f56bfc062723c751e8b465ee728b)
Start importing Assets/craftpix-net-647526-free-3-cyberpunk-characters-pixel-art/3 Cyborg/Cyborg_jump.png using Guid(9b2a187a08c6b3e41adf08da6cea39f3) Importer(815301076,1909f56bfc062723c751e8b465ee728b)  -> (artifact id: '3ed36894ca2e1b040db70287720b9ed8') in 0.031051 seconds 
  Import took 0.035015 seconds .

========================================================================
Received Import Request.
  Time since last request: 0.000298 seconds.
  path: Assets/craftpix-net-647526-free-3-cyberpunk-characters-pixel-art/3 Cyborg/Cyborg_attack1.png
  artifactKey: Guid(8445e35a69caa074e8e9f343aff194b1) Importer(815301076,1909f56bfc062723c751e8b465ee728b)
Start importing Assets/craftpix-net-647526-free-3-cyberpunk-characters-pixel-art/3 Cyborg/Cyborg_attack1.png using Guid(8445e35a69caa074e8e9f343aff194b1) Importer(815301076,1909f56bfc062723c751e8b465ee728b)  -> (artifact id: 'e2e67ecd9ac9f09680a67a2533a55804') in 0.011091 seconds 
  Import took 0.014570 seconds .

========================================================================
Received Import Request.
  Time since last request: 0.000192 seconds.
  path: Assets/craftpix-net-647526-free-3-cyberpunk-characters-pixel-art/2 Punk/Punk_hurt.png
  artifactKey: Guid(86b8995a6eff3f14c9fbbd1d1312c974) Importer(815301076,1909f56bfc062723c751e8b465ee728b)
Start importing Assets/craftpix-net-647526-free-3-cyberpunk-characters-pixel-art/2 Punk/Punk_hurt.png using Guid(86b8995a6eff3f14c9fbbd1d1312c974) Importer(815301076,1909f56bfc062723c751e8b465ee728b)  -> (artifact id: '320ce2a09bc2f906f2f3e7fee53496fd') in 0.014253 seconds 
  Import took 0.017357 seconds .

========================================================================
Received Import Request.
  Time since last request: 0.000185 seconds.
  path: Assets/craftpix-net-647526-free-3-cyberpunk-characters-pixel-art/2 Punk/Punk_run.png
  artifactKey: Guid(e42e585603894d24392da3064deaf15a) Importer(815301076,1909f56bfc062723c751e8b465ee728b)
Start importing Assets/craftpix-net-647526-free-3-cyberpunk-characters-pixel-art/2 Punk/Punk_run.png using Guid(e42e585603894d24392da3064deaf15a) Importer(815301076,1909f56bfc062723c751e8b465ee728b)  -> (artifact id: '183b3fb18a30a4a4e0b3ab379675bcab') in 0.061452 seconds 
  Import took 0.065193 seconds .

========================================================================
Received Import Request.
  Time since last request: 0.000375 seconds.
  path: Assets/craftpix-net-647526-free-3-cyberpunk-characters-pixel-art/2 Punk/Punk_jump.png
  artifactKey: Guid(d26132c57a61f0c408ac4df1ff142aa2) Importer(815301076,1909f56bfc062723c751e8b465ee728b)
Start importing Assets/craftpix-net-647526-free-3-cyberpunk-characters-pixel-art/2 Punk/Punk_jump.png using Guid(d26132c57a61f0c408ac4df1ff142aa2) Importer(815301076,1909f56bfc062723c751e8b465ee728b)  -> (artifact id: '03ccc31802edcef27647f2095c1d007f') in 0.032044 seconds 
  Import took 0.035806 seconds .

========================================================================
Received Import Request.
  Time since last request: 0.000229 seconds.
  path: Assets/craftpix-net-647526-free-3-cyberpunk-characters-pixel-art/3 Cyborg/Cyborg_run_attack.png
  artifactKey: Guid(95acd516de15acd4e89fed40716ee49e) Importer(815301076,1909f56bfc062723c751e8b465ee728b)
Start importing Assets/craftpix-net-647526-free-3-cyberpunk-characters-pixel-art/3 Cyborg/Cyborg_run_attack.png using Guid(95acd516de15acd4e89fed40716ee49e) Importer(815301076,1909f56bfc062723c751e8b465ee728b)  -> (artifact id: 'bdbd6d56513978fdf26fe9b98352502c') in 0.033848 seconds 
  Import took 0.037055 seconds .

========================================================================
Received Import Request.
  Time since last request: 0.000183 seconds.
  path: Assets/craftpix-net-647526-free-3-cyberpunk-characters-pixel-art/1 Biker/Biker_doublejump.png
  artifactKey: Guid(d30da671b0f2c47489495c0bf00d4a83) Importer(815301076,1909f56bfc062723c751e8b465ee728b)
Start importing Assets/craftpix-net-647526-free-3-cyberpunk-characters-pixel-art/1 Biker/Biker_doublejump.png using Guid(d30da671b0f2c47489495c0bf00d4a83) Importer(815301076,1909f56bfc062723c751e8b465ee728b)  -> (artifact id: '80d0b898d0bf852cb6e23a3537531c10') in 0.058036 seconds 
  Import took 0.061455 seconds .

========================================================================
Received Import Request.
  Time since last request: 0.000216 seconds.
  path: Assets/craftpix-net-647526-free-3-cyberpunk-characters-pixel-art/2 Punk/Punk_doublejump.png
  artifactKey: Guid(0484fe91be57f144e8e0f2b406704653) Importer(815301076,1909f56bfc062723c751e8b465ee728b)
Start importing Assets/craftpix-net-647526-free-3-cyberpunk-characters-pixel-art/2 Punk/Punk_doublejump.png using Guid(0484fe91be57f144e8e0f2b406704653) Importer(815301076,1909f56bfc062723c751e8b465ee728b)  -> (artifact id: 'ed567349aa413989eb3a14891886a090') in 0.047005 seconds 
  Import took 0.051430 seconds .

========================================================================
Received Import Request.
  Time since last request: 0.000387 seconds.
  path: Assets/craftpix-net-647526-free-3-cyberpunk-characters-pixel-art/3 Cyborg/Cyborg_run.png
  artifactKey: Guid(9a7c6e60915e8214db91f8cca41cb927) Importer(815301076,1909f56bfc062723c751e8b465ee728b)
Start importing Assets/craftpix-net-647526-free-3-cyberpunk-characters-pixel-art/3 Cyborg/Cyborg_run.png using Guid(9a7c6e60915e8214db91f8cca41cb927) Importer(815301076,1909f56bfc062723c751e8b465ee728b)  -> (artifact id: '9b36b63705b13441bd12efcc98fab3c7') in 0.012595 seconds 
  Import took 0.017158 seconds .

========================================================================
Received Import Request.
  Time since last request: 0.000215 seconds.
  path: Assets/craftpix-net-647526-free-3-cyberpunk-characters-pixel-art/1 Biker/Biker_run.png
  artifactKey: Guid(b2e4a67af466351439aaeb5b2c9d0f08) Importer(815301076,1909f56bfc062723c751e8b465ee728b)
Start importing Assets/craftpix-net-647526-free-3-cyberpunk-characters-pixel-art/1 Biker/Biker_run.png using Guid(b2e4a67af466351439aaeb5b2c9d0f08) Importer(815301076,1909f56bfc062723c751e8b465ee728b)  -> (artifact id: '1e3250e74faa3550ba79057c3ed81d0e') in 0.071600 seconds 
  Import took 0.075028 seconds .

========================================================================
Received Import Request.
  Time since last request: 0.000231 seconds.
  path: Assets/craftpix-net-647526-free-3-cyberpunk-characters-pixel-art/2 Punk/Punk_climb.png
  artifactKey: Guid(923b3c0b450868b46964a25890247915) Importer(815301076,1909f56bfc062723c751e8b465ee728b)
Start importing Assets/craftpix-net-647526-free-3-cyberpunk-characters-pixel-art/2 Punk/Punk_climb.png using Guid(923b3c0b450868b46964a25890247915) Importer(815301076,1909f56bfc062723c751e8b465ee728b)  -> (artifact id: '17ff4401e3af4b812db096ed3c3bd752') in 0.042408 seconds 
  Import took 0.045960 seconds .

========================================================================
Received Import Request.
  Time since last request: 0.000257 seconds.
  path: Assets/craftpix-net-647526-free-3-cyberpunk-characters-pixel-art/2 Punk/Punk_idle.png
  artifactKey: Guid(eb4e7b2a1fa4f134088e9c26a708981b) Importer(815301076,1909f56bfc062723c751e8b465ee728b)
Start importing Assets/craftpix-net-647526-free-3-cyberpunk-characters-pixel-art/2 Punk/Punk_idle.png using Guid(eb4e7b2a1fa4f134088e9c26a708981b) Importer(815301076,1909f56bfc062723c751e8b465ee728b)  -> (artifact id: 'c539ba60aadd5c940134fdb2d21427b8') in 0.052259 seconds 
  Import took 0.056036 seconds .

========================================================================
Received Import Request.
  Time since last request: 0.000248 seconds.
  path: Assets/craftpix-net-647526-free-3-cyberpunk-characters-pixel-art/2 Punk/Punk_death.png
  artifactKey: Guid(eb231a78489ef0c4d8faac2c3192099f) Importer(815301076,1909f56bfc062723c751e8b465ee728b)
Start importing Assets/craftpix-net-647526-free-3-cyberpunk-characters-pixel-art/2 Punk/Punk_death.png using Guid(eb231a78489ef0c4d8faac2c3192099f) Importer(815301076,1909f56bfc062723c751e8b465ee728b)  -> (artifact id: '04db74467cbe7fabb878c1abb11226a0') in 0.058859 seconds 
  Import took 0.062704 seconds .

========================================================================
Received Import Request.
  Time since last request: 0.000335 seconds.
  path: Assets/craftpix-net-647526-free-3-cyberpunk-characters-pixel-art/1 Biker/Biker_attack2.png
  artifactKey: Guid(cb9453bf8cd222047976aa095a93afe8) Importer(815301076,1909f56bfc062723c751e8b465ee728b)
Start importing Assets/craftpix-net-647526-free-3-cyberpunk-characters-pixel-art/1 Biker/Biker_attack2.png using Guid(cb9453bf8cd222047976aa095a93afe8) Importer(815301076,1909f56bfc062723c751e8b465ee728b)  -> (artifact id: '3c99d95da3d38f9ec670a2a952742ae3') in 0.059702 seconds 
  Import took 0.064134 seconds .

========================================================================
Received Import Request.
  Time since last request: 0.000244 seconds.
  path: Assets/craftpix-net-647526-free-3-cyberpunk-characters-pixel-art/1 Biker/Biker_hurt.png
  artifactKey: Guid(a9671f079463bd742984a55057685b1b) Importer(815301076,1909f56bfc062723c751e8b465ee728b)
Start importing Assets/craftpix-net-647526-free-3-cyberpunk-characters-pixel-art/1 Biker/Biker_hurt.png using Guid(a9671f079463bd742984a55057685b1b) Importer(815301076,1909f56bfc062723c751e8b465ee728b)  -> (artifact id: 'efee8c3ff6c7c7bafe9e9d907212b070') in 0.028406 seconds 
  Import took 0.032464 seconds .

========================================================================
Received Import Request.
  Time since last request: 0.000248 seconds.
  path: Assets/craftpix-net-647526-free-3-cyberpunk-characters-pixel-art/2 Punk/Punk_attack1.png
  artifactKey: Guid(a1e4a8dd5ef490f4584000f998da0f9e) Importer(815301076,1909f56bfc062723c751e8b465ee728b)
Start importing Assets/craftpix-net-647526-free-3-cyberpunk-characters-pixel-art/2 Punk/Punk_attack1.png using Guid(a1e4a8dd5ef490f4584000f998da0f9e) Importer(815301076,1909f56bfc062723c751e8b465ee728b)  -> (artifact id: 'd231762a5106171f6f24d22ef0403abf') in 0.027675 seconds 
  Import took 0.031641 seconds .

========================================================================
Received Import Request.
  Time since last request: 0.000220 seconds.
  path: Assets/craftpix-net-647526-free-3-cyberpunk-characters-pixel-art/2 Punk/Punk_run_attack.png
  artifactKey: Guid(d6dffa55d280f5f41ac0325542cb0841) Importer(815301076,1909f56bfc062723c751e8b465ee728b)
Start importing Assets/craftpix-net-647526-free-3-cyberpunk-characters-pixel-art/2 Punk/Punk_run_attack.png using Guid(d6dffa55d280f5f41ac0325542cb0841) Importer(815301076,1909f56bfc062723c751e8b465ee728b)  -> (artifact id: '7d2a360f28d9d05a87db3a9e1e245637') in 0.068988 seconds 
  Import took 0.072425 seconds .

========================================================================
Received Import Request.
  Time since last request: 0.000263 seconds.
  path: Assets/craftpix-net-647526-free-3-cyberpunk-characters-pixel-art/3 Cyborg/Cyborg_hurt.png
  artifactKey: Guid(125f30652f37ec44b833a01d23df6ca9) Importer(815301076,1909f56bfc062723c751e8b465ee728b)
Start importing Assets/craftpix-net-647526-free-3-cyberpunk-characters-pixel-art/3 Cyborg/Cyborg_hurt.png using Guid(125f30652f37ec44b833a01d23df6ca9) Importer(815301076,1909f56bfc062723c751e8b465ee728b)  -> (artifact id: '560ef9831e276e3822a830a84200c1ce') in 0.034699 seconds 
  Import took 0.038662 seconds .

========================================================================
Received Import Request.
  Time since last request: 0.000296 seconds.
  path: Assets/craftpix-net-647526-free-3-cyberpunk-characters-pixel-art/2 Punk/Punk_punch.png
  artifactKey: Guid(dc8a85d71e2b8ff4c8537ca73af27d2c) Importer(815301076,1909f56bfc062723c751e8b465ee728b)
Start importing Assets/craftpix-net-647526-free-3-cyberpunk-characters-pixel-art/2 Punk/Punk_punch.png using Guid(dc8a85d71e2b8ff4c8537ca73af27d2c) Importer(815301076,1909f56bfc062723c751e8b465ee728b)  -> (artifact id: '1376cf041188dc179c1bb2a217eae74c') in 0.025900 seconds 
  Import took 0.029428 seconds .

========================================================================
Received Import Request.
  Time since last request: 26.720484 seconds.
  path: Assets/craftpix-net-647526-free-3-cyberpunk-characters-pixel-art/3 Cyborg/Cyborg_attack1.png
  artifactKey: Guid(8445e35a69caa074e8e9f343aff194b1) Importer(815301076,1909f56bfc062723c751e8b465ee728b)
Start importing Assets/craftpix-net-647526-free-3-cyberpunk-characters-pixel-art/3 Cyborg/Cyborg_attack1.png using Guid(8445e35a69caa074e8e9f343aff194b1) Importer(815301076,1909f56bfc062723c751e8b465ee728b)  -> (artifact id: '25e1a56d28c7ae5328773d36054d8be5') in 0.009423 seconds 
  Import took 0.014096 seconds .

========================================================================
Received Import Request.
  Time since last request: 4.867058 seconds.
  path: Assets/craftpix-net-647526-free-3-cyberpunk-characters-pixel-art/3 Cyborg/Cyborg_attack1.png
  artifactKey: Guid(8445e35a69caa074e8e9f343aff194b1) Importer(815301076,1909f56bfc062723c751e8b465ee728b)
Start importing Assets/craftpix-net-647526-free-3-cyberpunk-characters-pixel-art/3 Cyborg/Cyborg_attack1.png using Guid(8445e35a69caa074e8e9f343aff194b1) Importer(815301076,1909f56bfc062723c751e8b465ee728b)  -> (artifact id: '4d8306d2be1b6e78403472dca62ef364') in 0.061811 seconds 
  Import took 0.066800 seconds .

========================================================================
Received Import Request.
  Time since last request: 73.565965 seconds.
  path: Assets/craftpix-net-647526-free-3-cyberpunk-characters-pixel-art/3 Cyborg/Cyborg_idle.png
  artifactKey: Guid(af25a40adbcf0cc44b33ab01383c08aa) Importer(815301076,1909f56bfc062723c751e8b465ee728b)
Start importing Assets/craftpix-net-647526-free-3-cyberpunk-characters-pixel-art/3 Cyborg/Cyborg_idle.png using Guid(af25a40adbcf0cc44b33ab01383c08aa) Importer(815301076,1909f56bfc062723c751e8b465ee728b)  -> (artifact id: 'bdeea554437b8600a0fb8650087f4a1b') in 0.010172 seconds 
  Import took 0.015740 seconds .

========================================================================
Received Import Request.
  Time since last request: 5.474429 seconds.
  path: Assets/craftpix-net-647526-free-3-cyberpunk-characters-pixel-art/3 Cyborg/Cyborg_idle.png
  artifactKey: Guid(af25a40adbcf0cc44b33ab01383c08aa) Importer(815301076,1909f56bfc062723c751e8b465ee728b)
Start importing Assets/craftpix-net-647526-free-3-cyberpunk-characters-pixel-art/3 Cyborg/Cyborg_idle.png using Guid(af25a40adbcf0cc44b33ab01383c08aa) Importer(815301076,1909f56bfc062723c751e8b465ee728b)  -> (artifact id: 'dfa82348b1e62f2895d26f613f83f95b') in 0.024935 seconds 
  Import took 0.029117 seconds .

========================================================================
Received Import Request.
  Time since last request: 152.593549 seconds.
  path: Assets/craftpix-net-647526-free-3-cyberpunk-characters-pixel-art/3 Cyborg/Cyborg_attack2.png
  artifactKey: Guid(abc39f1d9e14517489c475089f1abaf8) Importer(815301076,1909f56bfc062723c751e8b465ee728b)
Start importing Assets/craftpix-net-647526-free-3-cyberpunk-characters-pixel-art/3 Cyborg/Cyborg_attack2.png using Guid(abc39f1d9e14517489c475089f1abaf8) Importer(815301076,1909f56bfc062723c751e8b465ee728b)  -> (artifact id: '430572fbce3f25ed1ca43d87dfd6cb7e') in 0.023461 seconds 
  Import took 0.031844 seconds .

========================================================================
Received Import Request.
  Time since last request: 5.007339 seconds.
  path: Assets/craftpix-net-647526-free-3-cyberpunk-characters-pixel-art/3 Cyborg/Cyborg_attack2.png
  artifactKey: Guid(abc39f1d9e14517489c475089f1abaf8) Importer(815301076,1909f56bfc062723c751e8b465ee728b)
Start importing Assets/craftpix-net-647526-free-3-cyberpunk-characters-pixel-art/3 Cyborg/Cyborg_attack2.png using Guid(abc39f1d9e14517489c475089f1abaf8) Importer(815301076,1909f56bfc062723c751e8b465ee728b)  -> (artifact id: '36f249931cffde30334bdd0c02499ea8') in 0.071983 seconds 
  Import took 0.078540 seconds .

========================================================================
Received Import Request.
  Time since last request: 29.861327 seconds.
  path: Assets/craftpix-net-647526-free-3-cyberpunk-characters-pixel-art/3 Cyborg/Cyborg_attack3.png
  artifactKey: Guid(fcf9dbe34d509414985ef835e083406a) Importer(815301076,1909f56bfc062723c751e8b465ee728b)
Start importing Assets/craftpix-net-647526-free-3-cyberpunk-characters-pixel-art/3 Cyborg/Cyborg_attack3.png using Guid(fcf9dbe34d509414985ef835e083406a) Importer(815301076,1909f56bfc062723c751e8b465ee728b)  -> (artifact id: 'ba236d6142f6a02e47b978007358270e') in 0.016386 seconds 
  Import took 0.021456 seconds .

========================================================================
Received Import Request.
  Time since last request: 4.174348 seconds.
  path: Assets/craftpix-net-647526-free-3-cyberpunk-characters-pixel-art/3 Cyborg/Cyborg_attack3.png
  artifactKey: Guid(fcf9dbe34d509414985ef835e083406a) Importer(815301076,1909f56bfc062723c751e8b465ee728b)
Start importing Assets/craftpix-net-647526-free-3-cyberpunk-characters-pixel-art/3 Cyborg/Cyborg_attack3.png using Guid(fcf9dbe34d509414985ef835e083406a) Importer(815301076,1909f56bfc062723c751e8b465ee728b)  -> (artifact id: 'a434be35e101c4db691cd01a31da878a') in 0.088751 seconds 
  Import took 0.094299 seconds .

========================================================================
Received Import Request.
  Time since last request: 42.268659 seconds.
  path: Assets/craftpix-net-647526-free-3-cyberpunk-characters-pixel-art/3 Cyborg/Cyborg_attack3.png
  artifactKey: Guid(fcf9dbe34d509414985ef835e083406a) Importer(815301076,1909f56bfc062723c751e8b465ee728b)
Start importing Assets/craftpix-net-647526-free-3-cyberpunk-characters-pixel-art/3 Cyborg/Cyborg_attack3.png using Guid(fcf9dbe34d509414985ef835e083406a) Importer(815301076,1909f56bfc062723c751e8b465ee728b)  -> (artifact id: 'b2a466d73c928c9ff82be1dfce160a97') in 0.024266 seconds 
  Import took 0.031742 seconds .

========================================================================
Received Import Request.
  Time since last request: 11.676900 seconds.
  path: Assets/craftpix-net-647526-free-3-cyberpunk-characters-pixel-art/3 Cyborg/Cyborg_attack3.anim
  artifactKey: Guid(ac5460f04383b454e8e6ce85356fc2cc) Importer(815301076,1909f56bfc062723c751e8b465ee728b)
Start importing Assets/craftpix-net-647526-free-3-cyberpunk-characters-pixel-art/3 Cyborg/Cyborg_attack3.anim using Guid(ac5460f04383b454e8e6ce85356fc2cc) Importer(815301076,1909f56bfc062723c751e8b465ee728b)  -> (artifact id: 'ae43c6bd0a59b59199496c1073f7c957') in 1.270957 seconds 
  Import took 1.279520 seconds .

========================================================================
Received Import Request.
  Time since last request: 60.275503 seconds.
  path: Assets/craftpix-net-647526-free-3-cyberpunk-characters-pixel-art/3 Cyborg/Cyborg_attack3.png
  artifactKey: Guid(fcf9dbe34d509414985ef835e083406a) Importer(815301076,1909f56bfc062723c751e8b465ee728b)
Start importing Assets/craftpix-net-647526-free-3-cyberpunk-characters-pixel-art/3 Cyborg/Cyborg_attack3.png using Guid(fcf9dbe34d509414985ef835e083406a) Importer(815301076,1909f56bfc062723c751e8b465ee728b)  -> (artifact id: '37c076f69d10019772c933448ce5ee6d') in 0.102253 seconds 
  Import took 0.107408 seconds .

========================================================================
Received Import Request.
  Time since last request: 82.421705 seconds.
  path: Assets/craftpix-net-647526-free-3-cyberpunk-characters-pixel-art/3 Cyborg/Cyborg_climb.png
  artifactKey: Guid(343a71dde07bd974aac1a2fe0ead260a) Importer(815301076,1909f56bfc062723c751e8b465ee728b)
Start importing Assets/craftpix-net-647526-free-3-cyberpunk-characters-pixel-art/3 Cyborg/Cyborg_climb.png using Guid(343a71dde07bd974aac1a2fe0ead260a) Importer(815301076,1909f56bfc062723c751e8b465ee728b)  -> (artifact id: '1ea8f4447eb191db9f39d65e6fe156d6') in 0.016246 seconds 
  Import took 0.022501 seconds .

========================================================================
Received Import Request.
  Time since last request: 6.174101 seconds.
  path: Assets/craftpix-net-647526-free-3-cyberpunk-characters-pixel-art/3 Cyborg/Cyborg_climb.png
  artifactKey: Guid(343a71dde07bd974aac1a2fe0ead260a) Importer(815301076,1909f56bfc062723c751e8b465ee728b)
Start importing Assets/craftpix-net-647526-free-3-cyberpunk-characters-pixel-art/3 Cyborg/Cyborg_climb.png using Guid(343a71dde07bd974aac1a2fe0ead260a) Importer(815301076,1909f56bfc062723c751e8b465ee728b)  -> (artifact id: 'f04666bf368363f0094abd3aaca10400') in 0.043991 seconds 
  Import took 0.048743 seconds .

========================================================================
Received Import Request.
  Time since last request: 38.326808 seconds.
  path: Assets/craftpix-net-647526-free-3-cyberpunk-characters-pixel-art/3 Cyborg/Cyborg_death.png
  artifactKey: Guid(d6b0e116663823d468574e9e03cb8ead) Importer(815301076,1909f56bfc062723c751e8b465ee728b)
Start importing Assets/craftpix-net-647526-free-3-cyberpunk-characters-pixel-art/3 Cyborg/Cyborg_death.png using Guid(d6b0e116663823d468574e9e03cb8ead) Importer(815301076,1909f56bfc062723c751e8b465ee728b)  -> (artifact id: '28bca78d09a2aac9add8eb0636c087a3') in 0.007898 seconds 
  Import took 0.013213 seconds .

========================================================================
Received Import Request.
  Time since last request: 5.056274 seconds.
  path: Assets/craftpix-net-647526-free-3-cyberpunk-characters-pixel-art/3 Cyborg/Cyborg_death.png
  artifactKey: Guid(d6b0e116663823d468574e9e03cb8ead) Importer(815301076,1909f56bfc062723c751e8b465ee728b)
Start importing Assets/craftpix-net-647526-free-3-cyberpunk-characters-pixel-art/3 Cyborg/Cyborg_death.png using Guid(d6b0e116663823d468574e9e03cb8ead) Importer(815301076,1909f56bfc062723c751e8b465ee728b)  -> (artifact id: 'f9c08443bff790147ea15256060f8557') in 0.044795 seconds 
  Import took 0.051050 seconds .

========================================================================
Received Import Request.
  Time since last request: 31.363706 seconds.
  path: Assets/craftpix-net-647526-free-3-cyberpunk-characters-pixel-art/3 Cyborg/Cyborg_doublejump.png
  artifactKey: Guid(4670a37aac17e484a8d04f33de61dc3e) Importer(815301076,1909f56bfc062723c751e8b465ee728b)
Start importing Assets/craftpix-net-647526-free-3-cyberpunk-characters-pixel-art/3 Cyborg/Cyborg_doublejump.png using Guid(4670a37aac17e484a8d04f33de61dc3e) Importer(815301076,1909f56bfc062723c751e8b465ee728b)  -> (artifact id: 'ed9891650c6cb696d4402f54ea02810f') in 0.009755 seconds 
  Import took 0.017410 seconds .

========================================================================
Received Import Request.
  Time since last request: 3.901247 seconds.
  path: Assets/craftpix-net-647526-free-3-cyberpunk-characters-pixel-art/3 Cyborg/Cyborg_doublejump.png
  artifactKey: Guid(4670a37aac17e484a8d04f33de61dc3e) Importer(815301076,1909f56bfc062723c751e8b465ee728b)
Start importing Assets/craftpix-net-647526-free-3-cyberpunk-characters-pixel-art/3 Cyborg/Cyborg_doublejump.png using Guid(4670a37aac17e484a8d04f33de61dc3e) Importer(815301076,1909f56bfc062723c751e8b465ee728b)  -> (artifact id: '41f2945f927888f70aeb024165c09c8f') in 0.054899 seconds 
  Import took 0.062234 seconds .

========================================================================
Received Import Request.
  Time since last request: 37.972366 seconds.
  path: Assets/craftpix-net-647526-free-3-cyberpunk-characters-pixel-art/3 Cyborg/Cyborg_hurt.png
  artifactKey: Guid(125f30652f37ec44b833a01d23df6ca9) Importer(815301076,1909f56bfc062723c751e8b465ee728b)
Start importing Assets/craftpix-net-647526-free-3-cyberpunk-characters-pixel-art/3 Cyborg/Cyborg_hurt.png using Guid(125f30652f37ec44b833a01d23df6ca9) Importer(815301076,1909f56bfc062723c751e8b465ee728b)  -> (artifact id: 'aeaa019c53799d7ac1851e1c9b7d32a2') in 0.006968 seconds 
  Import took 0.011163 seconds .

========================================================================
Received Import Request.
  Time since last request: 4.003378 seconds.
  path: Assets/craftpix-net-647526-free-3-cyberpunk-characters-pixel-art/3 Cyborg/Cyborg_hurt.png
  artifactKey: Guid(125f30652f37ec44b833a01d23df6ca9) Importer(815301076,1909f56bfc062723c751e8b465ee728b)
Start importing Assets/craftpix-net-647526-free-3-cyberpunk-characters-pixel-art/3 Cyborg/Cyborg_hurt.png using Guid(125f30652f37ec44b833a01d23df6ca9) Importer(815301076,1909f56bfc062723c751e8b465ee728b)  -> (artifact id: '04a20ecc8070e80b6105311c415315ab') in 0.014220 seconds 
  Import took 0.018445 seconds .

========================================================================
Received Import Request.
  Time since last request: 47.044262 seconds.
  path: Assets/craftpix-net-647526-free-3-cyberpunk-characters-pixel-art/3 Cyborg/Cyborg_jump.png
  artifactKey: Guid(9b2a187a08c6b3e41adf08da6cea39f3) Importer(815301076,1909f56bfc062723c751e8b465ee728b)
Start importing Assets/craftpix-net-647526-free-3-cyberpunk-characters-pixel-art/3 Cyborg/Cyborg_jump.png using Guid(9b2a187a08c6b3e41adf08da6cea39f3) Importer(815301076,1909f56bfc062723c751e8b465ee728b)  -> (artifact id: 'bcf8130700ff7e6aa5d288b6b50de7d0') in 0.015247 seconds 
  Import took 0.021064 seconds .

========================================================================
Received Import Request.
  Time since last request: 3.986207 seconds.
  path: Assets/craftpix-net-647526-free-3-cyberpunk-characters-pixel-art/3 Cyborg/Cyborg_jump.png
  artifactKey: Guid(9b2a187a08c6b3e41adf08da6cea39f3) Importer(815301076,1909f56bfc062723c751e8b465ee728b)
Start importing Assets/craftpix-net-647526-free-3-cyberpunk-characters-pixel-art/3 Cyborg/Cyborg_jump.png using Guid(9b2a187a08c6b3e41adf08da6cea39f3) Importer(815301076,1909f56bfc062723c751e8b465ee728b)  -> (artifact id: '214ea3e146ea97d7cb020d3ca3a17cc0') in 0.035723 seconds 
  Import took 0.042135 seconds .

========================================================================
Received Import Request.
  Time since last request: 16.880565 seconds.
  path: Assets/craftpix-net-647526-free-3-cyberpunk-characters-pixel-art/3 Cyborg/Cyborg_punch.png
  artifactKey: Guid(d9acf80af8ff76b4c8d68f28aefe2bdb) Importer(815301076,1909f56bfc062723c751e8b465ee728b)
Start importing Assets/craftpix-net-647526-free-3-cyberpunk-characters-pixel-art/3 Cyborg/Cyborg_punch.png using Guid(d9acf80af8ff76b4c8d68f28aefe2bdb) Importer(815301076,1909f56bfc062723c751e8b465ee728b)  -> (artifact id: '96fda521969cc3ee682f3296d691ed1c') in 0.011407 seconds 
  Import took 0.019215 seconds .

========================================================================
Received Import Request.
  Time since last request: 5.271411 seconds.
  path: Assets/craftpix-net-647526-free-3-cyberpunk-characters-pixel-art/3 Cyborg/Cyborg_punch.png
  artifactKey: Guid(d9acf80af8ff76b4c8d68f28aefe2bdb) Importer(815301076,1909f56bfc062723c751e8b465ee728b)
Start importing Assets/craftpix-net-647526-free-3-cyberpunk-characters-pixel-art/3 Cyborg/Cyborg_punch.png using Guid(d9acf80af8ff76b4c8d68f28aefe2bdb) Importer(815301076,1909f56bfc062723c751e8b465ee728b)  -> (artifact id: '04abfbc797003020da23bf6cb4d199ed') in 0.045711 seconds 
  Import took 0.052674 seconds .

========================================================================
Received Import Request.
  Time since last request: 11.887757 seconds.
  path: Assets/craftpix-net-647526-free-3-cyberpunk-characters-pixel-art/3 Cyborg/Cyborg_run.png
  artifactKey: Guid(9a7c6e60915e8214db91f8cca41cb927) Importer(815301076,1909f56bfc062723c751e8b465ee728b)
Start importing Assets/craftpix-net-647526-free-3-cyberpunk-characters-pixel-art/3 Cyborg/Cyborg_run.png using Guid(9a7c6e60915e8214db91f8cca41cb927) Importer(815301076,1909f56bfc062723c751e8b465ee728b)  -> (artifact id: 'a2d8d0b4b25088cedbb2aecb49a0f405') in 0.011577 seconds 
  Import took 0.015466 seconds .

========================================================================
Received Import Request.
  Time since last request: 4.331911 seconds.
  path: Assets/craftpix-net-647526-free-3-cyberpunk-characters-pixel-art/3 Cyborg/Cyborg_run.png
  artifactKey: Guid(9a7c6e60915e8214db91f8cca41cb927) Importer(815301076,1909f56bfc062723c751e8b465ee728b)
Start importing Assets/craftpix-net-647526-free-3-cyberpunk-characters-pixel-art/3 Cyborg/Cyborg_run.png using Guid(9a7c6e60915e8214db91f8cca41cb927) Importer(815301076,1909f56bfc062723c751e8b465ee728b)  -> (artifact id: 'e9924f44e96ec07ba3548a66931f5b13') in 0.075086 seconds 
  Import took 0.096912 seconds .

========================================================================
Received Import Request.
  Time since last request: 11.963403 seconds.
  path: Assets/craftpix-net-647526-free-3-cyberpunk-characters-pixel-art/3 Cyborg/Cyborg_run_attack.png
  artifactKey: Guid(95acd516de15acd4e89fed40716ee49e) Importer(815301076,1909f56bfc062723c751e8b465ee728b)
Start importing Assets/craftpix-net-647526-free-3-cyberpunk-characters-pixel-art/3 Cyborg/Cyborg_run_attack.png using Guid(95acd516de15acd4e89fed40716ee49e) Importer(815301076,1909f56bfc062723c751e8b465ee728b)  -> (artifact id: 'ef456c97577735aaf57c6abdaa5f7ded') in 0.007058 seconds 
  Import took 0.011587 seconds .

========================================================================
Received Import Request.
  Time since last request: 3.454999 seconds.
  path: Assets/craftpix-net-647526-free-3-cyberpunk-characters-pixel-art/3 Cyborg/Cyborg_run_attack.png
  artifactKey: Guid(95acd516de15acd4e89fed40716ee49e) Importer(815301076,1909f56bfc062723c751e8b465ee728b)
Start importing Assets/craftpix-net-647526-free-3-cyberpunk-characters-pixel-art/3 Cyborg/Cyborg_run_attack.png using Guid(95acd516de15acd4e89fed40716ee49e) Importer(815301076,1909f56bfc062723c751e8b465ee728b)  -> (artifact id: '13628fc776a8c6d7b620a6ad1b0e206c') in 0.056126 seconds 
  Import took 0.062288 seconds .

